<?xml version="1.0" encoding="UTF-8"?>
<testng-results ignored="0" total="1" passed="1" failed="0" skipped="0">
  <reporter-output>
  </reporter-output>
  <suite started-at="2021-12-25T19:24:10 EET" name="Suite" finished-at="2021-12-25T19:24:26 EET" duration-ms="15881">
    <groups>
    </groups>
    <test started-at="2021-12-25T19:24:10 EET" name="Test" finished-at="2021-12-25T19:24:26 EET" duration-ms="15881">
      <class name="com.vois.testcases.TestCases">
        <test-method is-config="true" signature="setup(java.lang.String,java.lang.reflect.Method)[pri:0, instance:com.vois.testcases.TestCases@2dc54ad4]" started-at="2021-12-25T19:24:10 EET" name="setup" finished-at="2021-12-25T19:24:26 EET" duration-ms="15282" status="PASS">
          <params>
            <param index="0">
              <value>
                <![CDATA[edge]]>
              </value>
            </param>
            <param index="1">
              <value>
                <![CDATA[public void com.vois.testcases.TestCases.check() throws java.io.IOException]]>
              </value>
            </param>
          </params>
          <reporter-output>
          </reporter-output>
        </test-method> <!-- setup -->
        <test-method signature="check()[pri:0, instance:com.vois.testcases.TestCases@2dc54ad4]" started-at="2021-12-25T19:24:26 EET" name="check" finished-at="2021-12-25T19:24:26 EET" duration-ms="55" status="PASS">
          <reporter-output>
          </reporter-output>
        </test-method> <!-- check -->
        <test-method is-config="true" signature="teardown(java.lang.reflect.Method,org.testng.ITestResult)[pri:0, instance:com.vois.testcases.TestCases@2dc54ad4]" started-at="2021-12-25T19:24:26 EET" name="teardown" finished-at="2021-12-25T19:24:26 EET" duration-ms="514" status="PASS">
          <params>
            <param index="0">
              <value>
                <![CDATA[public void com.vois.testcases.TestCases.check() throws java.io.IOException]]>
              </value>
            </param>
            <param index="1">
              <value>
                <![CDATA[[TestResult name=check status=SUCCESS method=TestCases.check()[pri:0, instance:com.vois.testcases.TestCases@2dc54ad4] output={null}]]]>
              </value>
            </param>
          </params>
          <reporter-output>
          </reporter-output>
        </test-method> <!-- teardown -->
      </class> <!-- com.vois.testcases.TestCases -->
      <class name="com.vois.testcases.config">
        <test-method is-config="true" signature="start()[pri:0, instance:com.vois.testcases.config@12aba8be]" started-at="2021-12-25T19:24:10 EET" name="start" finished-at="2021-12-25T19:24:10 EET" duration-ms="176" status="PASS">
          <reporter-output>
          </reporter-output>
        </test-method> <!-- start -->
        <test-method is-config="true" signature="end()[pri:0, instance:com.vois.testcases.config@12aba8be]" started-at="2021-12-25T19:24:26 EET" name="end" finished-at="2021-12-25T19:24:26 EET" duration-ms="210" status="PASS">
          <reporter-output>
          </reporter-output>
        </test-method> <!-- end -->
      </class> <!-- com.vois.testcases.config -->
    </test> <!-- Test -->
  </suite> <!-- Suite -->
</testng-results>
